\BOOKMARK [1][-]{section.1}{Introduction}{}% 1
\BOOKMARK [1][-]{section.2}{Towards a Convex Problem}{}% 2
\BOOKMARK [2][-]{subsection.2.1}{General layout}{section.2}% 3
\BOOKMARK [2][-]{subsection.2.2}{From non-convexity to convexity}{section.2}% 4
\BOOKMARK [2][-]{subsection.2.3}{Variation norm}{section.2}% 5
\BOOKMARK [2][-]{subsection.2.4}{Problem formulation in F1}{section.2}% 6
\BOOKMARK [2][-]{subsection.2.5}{Problem formulation in F2}{section.2}% 7
\BOOKMARK [1][-]{section.3}{Theoretical Analysis}{}% 8
\BOOKMARK [2][-]{subsection.3.1}{Adaptivity to structure}{section.3}% 9
\BOOKMARK [2][-]{subsection.3.2}{Error decomposition}{section.3}% 10
\BOOKMARK [2][-]{subsection.3.3}{Generalization properties}{section.3}% 11
\BOOKMARK [1][-]{section.4}{An Optimization Problem}{}% 12
\BOOKMARK [2][-]{subsection.4.1}{The conditional gradient algorithm}{section.4}% 13
\BOOKMARK [2][-]{subsection.4.2}{The problem with Frank-Wolfe}{section.4}% 14
\BOOKMARK [2][-]{subsection.4.3}{An Approach using Particle Gradient Flow}{section.4}% 15
\BOOKMARK [1][-]{section.5}{Numerical Experiments}{}% 16
\BOOKMARK [2][-]{subsection.5.1}{Particle gradient flow in dimension 2}{section.5}% 17
\BOOKMARK [2][-]{subsection.5.2}{How much overparametrization is needed?}{section.5}% 18
\BOOKMARK [2][-]{subsection.5.3}{Lazy or active training?}{section.5}% 19
\BOOKMARK [1][-]{section.6}{Conclusion}{}% 20
